[01m[K/home/ngocdai/lidar_ws/src/cpp_xsens/src/xsens_receive_data.cpp:23:5:[m[K [01;31m[Kerror: [m[Kexpected unqualified-id before â€˜[01m[K{[m[Kâ€™ token
   23 |     [01;31m[K{[m[K
      |     [01;31m[K^[m[K
[01m[K/home/ngocdai/lidar_ws/src/cpp_xsens/src/xsens_receive_data.cpp:29:24:[m[K [01;31m[Kerror: [m[Kâ€˜[01m[KSharePtr[m[Kâ€™ in â€˜[01m[Kclass rclcpp::TimerBase[m[Kâ€™ does not name a type
   29 |     rclcpp::TimerBase::[01;31m[KSharePtr[m[K timer_;
      |                        [01;31m[K^~~~~~~~[m[K
[01m[K/home/ngocdai/lidar_ws/src/cpp_xsens/src/xsens_receive_data.cpp:[m[K In constructor â€˜[01m[KXsensPublisher::XsensPublisher()[m[Kâ€™:
[01m[K/home/ngocdai/lidar_ws/src/cpp_xsens/src/xsens_receive_data.cpp:17:13:[m[K [01;31m[Kerror: [m[Kâ€˜[01m[Kpublisher[m[Kâ€™ was not declared in this scope; did you mean â€˜[01m[Kpublisher_[m[Kâ€™?
   17 |             [01;31m[Kpublisher[m[K = this->create_publisher<std_msgs::msg::String>("topic", 10);
      |             [01;31m[K^~~~~~~~~[m[K
      |             [32m[Kpublisher_[m[K
[01m[K/home/ngocdai/lidar_ws/src/cpp_xsens/src/xsens_receive_data.cpp:18:13:[m[K [01;31m[Kerror: [m[Kâ€˜[01m[Ktimer_[m[Kâ€™ was not declared in this scope; did you mean â€˜[01m[Ktimer_t[m[Kâ€™?
   18 |             [01;31m[Ktimer_[m[K = this->create_wall_timer(
      |             [01;31m[K^~~~~~[m[K
      |             [32m[Ktimer_t[m[K
[01m[K/home/ngocdai/lidar_ws/src/cpp_xsens/src/xsens_receive_data.cpp:19:47:[m[K [01;31m[Kerror: [m[Kâ€˜[01m[Ktimer_callback[m[Kâ€™ is not a member of â€˜[01m[KXsensPublisher[m[Kâ€™
   19 |             500ms, std::bind(&XsensPublisher::[01;31m[Ktimer_callback[m[K, this));
      |                                               [01;31m[K^~~~~~~~~~~~~~[m[K
gmake[2]: *** [CMakeFiles/xsens_receive.dir/build.make:76: CMakeFiles/xsens_receive.dir/src/xsens_receive_data.cpp.o] Error 1
gmake[1]: *** [CMakeFiles/Makefile2:139: CMakeFiles/xsens_receive.dir/all] Error 2
gmake: *** [Makefile:146: all] Error 2
