[35m[1mConsolidate compiler generated dependencies of target xsens_pub[0m
[35m[1mConsolidate compiler generated dependencies of target odom_pub[0m
[ 33%] Built target xsens_rec
[ 66%] Built target xsens_pub
[ 83%] [32mBuilding CXX object CMakeFiles/odom_pub.dir/src/odometry_publisher.cpp.o[0m
In file included from [01m[K/home/ngocdai/lidar_ws/src/xsens_node/src/odometry_publisher.cpp:3[m[K:
[01m[K/opt/ros/iron/include/tf2_geometry_msgs/tf2_geometry_msgs/tf2_geometry_msgs.h:35:2:[m[K [01;35m[Kwarning: [m[K#warning This header is obsolete, please include tf2_geometry_msgs/tf2_geometry_msgs.hpp instead [[01;35m[K]8;;https://gcc.gnu.org/onlinedocs/gcc/Warning-Options.html#index-Wcpp-Wcpp]8;;[m[K]
   35 | #[01;35m[Kwarning[m[K This header is obsolete, please include tf2_geometry_msgs/tf2_geometry_msgs.hpp instead
      |  [01;35m[K^~~~~~~[m[K
[01m[K/home/ngocdai/lidar_ws/src/xsens_node/src/odometry_publisher.cpp:[m[K In member function â€˜[01m[Kvoid OdometryNode::imuCallback(sensor_msgs::msg::Imu_<std::allocator<void> >::SharedPtr)[m[Kâ€™:
[01m[K/home/ngocdai/lidar_ws/src/xsens_node/src/odometry_publisher.cpp:13:53:[m[K [01;31m[Kerror: [m[Kâ€˜[01m[Kconst SharedPtr[m[Kâ€™ {aka â€˜[01m[Kconst class std::shared_ptr<sensor_msgs::msg::Imu_<std::allocator<void> > >[m[Kâ€™} has no member named â€˜[01m[Korientation[m[Kâ€™
   13 |     Eigen::Matrix3d rotational_matrix = imu_message.[01;31m[Korientation[m[K.toRotationMatrix();
      |                                                     [01;31m[K^~~~~~~~~~~[m[K
[01m[K/home/ngocdai/lidar_ws/src/xsens_node/src/odometry_publisher.cpp:13:21:[m[K [01;35m[Kwarning: [m[Kunused variable â€˜[01m[Krotational_matrix[m[Kâ€™ [[01;35m[K]8;;https://gcc.gnu.org/onlinedocs/gcc/Warning-Options.html#index-Wunused-variable-Wunused-variable]8;;[m[K]
   13 |     Eigen::Matrix3d [01;35m[Krotational_matrix[m[K = imu_message.orientation.toRotationMatrix();
      |                     [01;35m[K^~~~~~~~~~~~~~~~~[m[K
gmake[2]: *** [CMakeFiles/odom_pub.dir/build.make:76: CMakeFiles/odom_pub.dir/src/odometry_publisher.cpp.o] Error 1
gmake[1]: *** [CMakeFiles/Makefile2:193: CMakeFiles/odom_pub.dir/all] Error 2
gmake: *** [Makefile:146: all] Error 2
