[0.005s] Invoking command in '/home/ngocdai/lidar_ws/build/xsens_node': AMENT_PREFIX_PATH=/home/ngocdai/lidar_ws/install/xsens_library:${AMENT_PREFIX_PATH} CMAKE_PREFIX_PATH=/home/ngocdai/lidar_ws/install/xsens_library:/opt/ros/iron LD_LIBRARY_PATH=/home/ngocdai/lidar_ws/install/xsens_library/lib:${LD_LIBRARY_PATH} /usr/bin/cmake --build /home/ngocdai/lidar_ws/build/xsens_node -- -j12 -l12
[0.034s] [35m[1mConsolidate compiler generated dependencies of target xsens_pub[0m
[0.047s] [ 50%] [32mBuilding CXX object CMakeFiles/xsens_pub.dir/src/xsens_data_publisher.cpp.o[0m
[1.960s] [01m[K/home/ngocdai/lidar_ws/src/xsens_node/src/xsens_data_publisher.cpp:110:28:[m[K [01;31m[Kerror: [m[Kexpected â€˜[01m[K}[m[Kâ€™ at end of input
[1.960s]   110 |                     cout <<
[1.960s]       |                            [01;31m[K^[m[K
[1.960s] [01m[K/home/ngocdai/lidar_ws/src/xsens_node/src/xsens_data_publisher.cpp:16:1:[m[K [01;36m[Knote: [m[Kto match this â€˜[01m[K{[m[Kâ€™
[1.960s]    16 | [01;36m[K{[m[K
[1.960s]       | [01;36m[K^[m[K
[1.960s] [01m[K/home/ngocdai/lidar_ws/src/xsens_node/src/xsens_data_publisher.cpp:[m[K In constructor â€˜[01m[KXsensPublisher::XsensPublisher()[m[Kâ€™:
[1.960s] [01m[K/home/ngocdai/lidar_ws/src/xsens_node/src/xsens_data_publisher.cpp:19:36:[m[K [01;31m[Kerror: [m[Kclass â€˜[01m[KXsensPublisher[m[Kâ€™ does not have any field named â€˜[01m[Kcount_[m[Kâ€™
[1.960s]    19 |         : Node("xsens_publisher"), [01;31m[Kcount_[m[K(0)
[1.960s]       |                                    [01;31m[K^~~~~~[m[K
[1.967s] [01m[K/home/ngocdai/lidar_ws/src/xsens_node/src/xsens_data_publisher.cpp:21:13:[m[K [01;31m[Kerror: [m[Kâ€˜[01m[Kpublisher_[m[Kâ€™ was not declared in this scope; did you mean â€˜[01m[Krmw_publisher_t[m[Kâ€™?
[1.967s]    21 |             [01;31m[Kpublisher_[m[K = this->create_publisher<std_msgs::msg::String>("topic", 10);
[1.967s]       |             [01;31m[K^~~~~~~~~~[m[K
[1.967s]       |             [32m[Krmw_publisher_t[m[K
[1.976s] [01m[K/home/ngocdai/lidar_ws/src/xsens_node/src/xsens_data_publisher.cpp:22:13:[m[K [01;31m[Kerror: [m[Kâ€˜[01m[Ktimer_[m[Kâ€™ was not declared in this scope; did you mean â€˜[01m[Ktimer_t[m[Kâ€™?
[1.976s]    22 |             [01;31m[Ktimer_[m[K = this->create_wall_timer(
[1.976s]       |             [01;31m[K^~~~~~[m[K
[1.976s]       |             [32m[Ktimer_t[m[K
[1.992s] [01m[K/home/ngocdai/lidar_ws/src/xsens_node/src/xsens_data_publisher.cpp:[m[K In member function â€˜[01m[Kvoid XsensPublisher::timer_callback()[m[Kâ€™:
[1.993s] [01m[K/home/ngocdai/lidar_ws/src/xsens_node/src/xsens_data_publisher.cpp:77:17:[m[K [01;31m[Kerror: [m[Kâ€˜[01m[Kpublisher_[m[Kâ€™ was not declared in this scope; did you mean â€˜[01m[Krmw_publisher_t[m[Kâ€™?
[1.993s]    77 |                 [01;31m[Kpublisher_[m[K->publish(std_msgs::msg::String(XsString("Data:" << right << setw(7) << fixed << setprecision(2) << device->bluetoothAddress())));
[1.993s]       |                 [01;31m[K^~~~~~~~~~[m[K
[1.993s]       |                 [32m[Krmw_publisher_t[m[K
[1.993s] [01m[K/home/ngocdai/lidar_ws/src/xsens_node/src/xsens_data_publisher.cpp:77:76:[m[K [01;31m[Kerror: [m[Kinvalid operands of types â€˜[01m[Kconst char [6][m[Kâ€™ and â€˜[01m[Kstd::ios_base&(std::ios_base&)[m[Kâ€™ to binary â€˜[01m[Koperator<<[m[Kâ€™
[1.993s]    77 |  publisher_->publish(std_msgs::msg::String(XsString([32m[K"Data:"[m[K [01;31m[K<<[m[K [34m[Kright[m[K << setw(7) << fixed << setprecision(2) << device->bluetoothAddress())));
[1.993s]       |                                                     [32m[K~~~~~~~[m[K [01;31m[K^~[m[K [34m[K~~~~~[m[K
[1.993s]       |                                                     [32m[K|[m[K          [34m[K|[m[K
[1.993s]       |                                                     [32m[K|[m[K          [34m[Kstd::ios_base&(std::ios_base&)[m[K
[1.993s]       |                                                     [32m[Kconst char [6][m[K
[1.993s] 
[1.999s] [01m[K/home/ngocdai/lidar_ws/src/xsens_node/src/xsens_data_publisher.cpp:95:29:[m[K [01;31m[Kerror: [m[Kâ€˜[01m[Kpublisher_[m[Kâ€™ was not declared in this scope; did you mean â€˜[01m[Krmw_publisher_t[m[Kâ€™?
[1.999s]    95 |                             [01;31m[Kpublisher_[m[K->publish(std_msgs::msg::String(XsString("Velocity increment:" << right << setw(7) << fixed << setprecision(2) << velIncre.data()
[1.999s]       |                             [01;31m[K^~~~~~~~~~[m[K
[1.999s]       |                             [32m[Krmw_publisher_t[m[K
[1.999s] [01m[K/home/ngocdai/lidar_ws/src/xsens_node/src/xsens_data_publisher.cpp:95:102:[m[K [01;31m[Kerror: [m[Kinvalid operands of types â€˜[01m[Kconst char [20][m[Kâ€™ and â€˜[01m[Kstd::ios_base&(std::ios_base&)[m[Kâ€™ to binary â€˜[01m[Koperator<<[m[Kâ€™
[1.999s]    95 | ublish(std_msgs::msg::String(XsString([32m[K"Velocity increment:"[m[K [01;31m[K<<[m[K [34m[Kright[m[K << setw(7) << fixed << setprecision(2) << velIncre.data()
[1.999s]       |                                       [32m[K~~~~~~~~~~~~~~~~~~~~~[m[K [01;31m[K^~[m[K [34m[K~~~~~[m[K
[1.999s]       |                                       [32m[K|[m[K                        [34m[K|[m[K
[1.999s]       |                                       [32m[Kconst char [20][m[K          [34m[Kstd::ios_base&(std::ios_base&)[m[K
[1.999s] 
[2.000s] [01m[K/home/ngocdai/lidar_ws/src/xsens_node/src/xsens_data_publisher.cpp:110:28:[m[K [01;31m[Kerror: [m[Kexpected primary-expression at end of input
[2.000s]   110 |                     cout <<
[2.000s]       |                            [01;31m[K^[m[K
[2.000s] [01m[K/home/ngocdai/lidar_ws/src/xsens_node/src/xsens_data_publisher.cpp:109:17:[m[K [01;35m[Kwarning: [m[Kthis â€˜[01m[Kif[m[Kâ€™ clause does not guard... [[01;35m[K]8;;https://gcc.gnu.org/onlinedocs/gcc/Warning-Options.html#index-Wmisleading-indentation-Wmisleading-indentation]8;;[m[K]
[2.000s]   109 |                 [01;35m[Kif[m[K (device->resetOrientation(XRM_DefaultAlignment))
[2.000s]       |                 [01;35m[K^~[m[K
[2.000s] [01m[K/home/ngocdai/lidar_ws/src/xsens_node/src/xsens_data_publisher.cpp:110:28:[m[K [01;36m[Knote: [m[K...this statement, but the latter is misleadingly indented as if it were guarded by the â€˜[01m[Kif[m[Kâ€™
[2.000s]   110 |                     cout <<
[2.000s]       |                            [01;36m[K^[m[K
[2.000s] [01m[K/home/ngocdai/lidar_ws/src/xsens_node/src/xsens_data_publisher.cpp:110:28:[m[K [01;31m[Kerror: [m[Kexpected â€˜[01m[K}[m[Kâ€™ at end of input
[2.001s] [01m[K/home/ngocdai/lidar_ws/src/xsens_node/src/xsens_data_publisher.cpp:107:13:[m[K [01;36m[Knote: [m[Kto match this â€˜[01m[K{[m[Kâ€™
[2.001s]   107 |             [01;36m[K{[m[K
[2.001s]       |             [01;36m[K^[m[K
[2.001s] [01m[K/home/ngocdai/lidar_ws/src/xsens_node/src/xsens_data_publisher.cpp:110:28:[m[K [01;31m[Kerror: [m[Kexpected â€˜[01m[K}[m[Kâ€™ at end of input
[2.001s]   110 |                     cout <<
[2.001s]       |                            [01;31m[K^[m[K
[2.001s] [01m[K/home/ngocdai/lidar_ws/src/xsens_node/src/xsens_data_publisher.cpp:28:9:[m[K [01;36m[Knote: [m[Kto match this â€˜[01m[K{[m[Kâ€™
[2.001s]    28 |         [01;36m[K{[m[K
[2.001s]       |         [01;36m[K^[m[K
[2.001s] [01m[K/home/ngocdai/lidar_ws/src/xsens_node/src/xsens_data_publisher.cpp:[m[K At global scope:
[2.001s] [01m[K/home/ngocdai/lidar_ws/src/xsens_node/src/xsens_data_publisher.cpp:110:28:[m[K [01;31m[Kerror: [m[Kexpected unqualified-id at end of input
[2.001s]   110 |                     cout <<
[2.001s]       |                            [01;31m[K^[m[K
[2.767s] gmake[2]: *** [CMakeFiles/xsens_pub.dir/build.make:76: CMakeFiles/xsens_pub.dir/src/xsens_data_publisher.cpp.o] Error 1
[2.767s] gmake[1]: *** [CMakeFiles/Makefile2:137: CMakeFiles/xsens_pub.dir/all] Error 2
[2.767s] gmake: *** [Makefile:146: all] Error 2
[2.769s] Invoked command in '/home/ngocdai/lidar_ws/build/xsens_node' returned '2': AMENT_PREFIX_PATH=/home/ngocdai/lidar_ws/install/xsens_library:${AMENT_PREFIX_PATH} CMAKE_PREFIX_PATH=/home/ngocdai/lidar_ws/install/xsens_library:/opt/ros/iron LD_LIBRARY_PATH=/home/ngocdai/lidar_ws/install/xsens_library/lib:${LD_LIBRARY_PATH} /usr/bin/cmake --build /home/ngocdai/lidar_ws/build/xsens_node -- -j12 -l12
