[0.011s] Invoking command in '/home/ngocdai/lidar_ws/build/xsens_node': CMAKE_PREFIX_PATH=/home/ngocdai/lidar_ws/install/xsens_library:/home/ngocdai/lidar_ws/install/xsens_node:/home/ngocdai/lidar_ws/install/cpp_xsens:/home/ngocdai/lidar_ws/install/my_bleak:/opt/ros/iron /usr/bin/cmake --build /home/ngocdai/lidar_ws/build/xsens_node -- -j12 -l12
[0.049s] [ 50%] [32mBuilding CXX object CMakeFiles/xsens_pub.dir/src/xsens_data_publisher.cpp.o[0m
[0.049s] [ 50%] [32mBuilding CXX object CMakeFiles/xsens_rec.dir/src/xsens_data_receiver.cpp.o[0m
[1.971s] [01m[K/home/ngocdai/lidar_ws/src/xsens_node/src/xsens_data_publisher.cpp:146:42:[m[K [01;31m[Kerror: [m[Kâ€˜[01m[KString[m[Kâ€™ is not a member of â€˜[01m[Kstd_msgs::msg[m[Kâ€™
[1.971s]   146 |         rclcpp::Publisher<std_msgs::msg::[01;31m[KString[m[K>::SharedPtr publisher_;
[1.971s]       |                                          [01;31m[K^~~~~~[m[K
[1.971s] [01m[K/home/ngocdai/lidar_ws/src/xsens_node/src/xsens_data_publisher.cpp:146:48:[m[K [01;31m[Kerror: [m[Ktemplate argument 1 is invalid
[1.971s]   146 |         rclcpp::Publisher<std_msgs::msg::String[01;31m[K>[m[K::SharedPtr publisher_;
[1.971s]       |                                                [01;31m[K^[m[K
[1.971s] [01m[K/home/ngocdai/lidar_ws/src/xsens_node/src/xsens_data_publisher.cpp:146:51:[m[K [01;31m[Kerror: [m[Kexpected â€˜[01m[K;[m[Kâ€™ at end of member declaration
[1.971s]   146 |         rclcpp::Publisher<std_msgs::msg::String>::[01;31m[KSharedPtr[m[K publisher_;
[1.971s]       |                                                   [01;31m[K^~~~~~~~~[m[K
[1.971s]       |                                                            [32m[K;[m[K
[1.973s] [01m[K/home/ngocdai/lidar_ws/src/xsens_node/src/xsens_data_publisher.cpp:146:61:[m[K [01;31m[Kerror: [m[Kâ€˜[01m[Kpublisher_[m[Kâ€™ does not name a type; did you mean â€˜[01m[Krmw_publisher_t[m[Kâ€™?
[1.973s]   146 |         rclcpp::Publisher<std_msgs::msg::String>::SharedPtr [01;31m[Kpublisher_[m[K;
[1.973s]       |                                                             [01;31m[K^~~~~~~~~~[m[K
[1.973s]       |                                                             [32m[Krmw_publisher_t[m[K
[1.981s] [01m[K/home/ngocdai/lidar_ws/src/xsens_node/src/xsens_data_publisher.cpp:[m[K In constructor â€˜[01m[KXsensPublisher::XsensPublisher()[m[Kâ€™:
[1.981s] [01m[K/home/ngocdai/lidar_ws/src/xsens_node/src/xsens_data_publisher.cpp:20:13:[m[K [01;31m[Kerror: [m[Kâ€˜[01m[Kpublisher_[m[Kâ€™ was not declared in this scope; did you mean â€˜[01m[Krmw_publisher_t[m[Kâ€™?
[1.981s]    20 |             [01;31m[Kpublisher_[m[K = this->create_publisher<sensor_msgs::msg::Imu>("imu_vel", 10);
[1.981s]       |             [01;31m[K^~~~~~~~~~[m[K
[1.981s]       |             [32m[Krmw_publisher_t[m[K
[2.819s] gmake[2]: *** [CMakeFiles/xsens_pub.dir/build.make:76: CMakeFiles/xsens_pub.dir/src/xsens_data_publisher.cpp.o] Error 1
[2.819s] gmake[1]: *** [CMakeFiles/Makefile2:139: CMakeFiles/xsens_pub.dir/all] Error 2
[2.819s] gmake[1]: *** Waiting for unfinished jobs....
[5.337s] [ 75%] [32m[1mLinking CXX executable xsens_rec[0m
[5.561s] [ 75%] Built target xsens_rec
[5.561s] gmake: *** [Makefile:146: all] Error 2
[5.563s] Invoked command in '/home/ngocdai/lidar_ws/build/xsens_node' returned '2': CMAKE_PREFIX_PATH=/home/ngocdai/lidar_ws/install/xsens_library:/home/ngocdai/lidar_ws/install/xsens_node:/home/ngocdai/lidar_ws/install/cpp_xsens:/home/ngocdai/lidar_ws/install/my_bleak:/opt/ros/iron /usr/bin/cmake --build /home/ngocdai/lidar_ws/build/xsens_node -- -j12 -l12
