[0.005s] Invoking command in '/home/ngocdai/lidar_ws/build/xsens_node': AMENT_PREFIX_PATH=/home/ngocdai/lidar_ws/install/xsens_library:${AMENT_PREFIX_PATH} CMAKE_PREFIX_PATH=/home/ngocdai/lidar_ws/install/xsens_library:/opt/ros/iron LD_LIBRARY_PATH=/home/ngocdai/lidar_ws/install/xsens_library/lib:${LD_LIBRARY_PATH} /usr/bin/cmake --build /home/ngocdai/lidar_ws/build/xsens_node -- -j12 -l12
[0.037s] [35m[1mConsolidate compiler generated dependencies of target odom_pub[0m
[0.046s] [ 66%] Built target xsens_rec
[0.046s] [ 66%] Built target xsens_pub
[0.050s] [ 83%] [32mBuilding CXX object CMakeFiles/odom_pub.dir/src/odometry_publisher.cpp.o[0m
[0.208s] In file included from [01m[K/home/ngocdai/lidar_ws/src/xsens_node/src/odometry_publisher.cpp:3[m[K:
[0.209s] [01m[K/opt/ros/iron/include/tf2_geometry_msgs/tf2_geometry_msgs/tf2_geometry_msgs.h:35:2:[m[K [01;35m[Kwarning: [m[K#warning This header is obsolete, please include tf2_geometry_msgs/tf2_geometry_msgs.hpp instead [[01;35m[K]8;;https://gcc.gnu.org/onlinedocs/gcc/Warning-Options.html#index-Wcpp-Wcpp]8;;[m[K]
[0.209s]    35 | #[01;35m[Kwarning[m[K This header is obsolete, please include tf2_geometry_msgs/tf2_geometry_msgs.hpp instead
[0.209s]       |  [01;35m[K^~~~~~~[m[K
[2.025s] In file included from [01m[K/home/ngocdai/lidar_ws/src/xsens_node/src/odometry_publisher.cpp:1[m[K:
[2.025s] [01m[K/home/ngocdai/lidar_ws/src/xsens_node/include/xsens_node/odometry.h:[m[K In constructor â€˜[01m[KOdometryNode::OdometryNode()[m[Kâ€™:
[2.025s] [01m[K/home/ngocdai/lidar_ws/src/xsens_node/include/xsens_node/odometry.h:17:9:[m[K [01;31m[Kerror: [m[Kâ€˜[01m[Kimu_subscriber_[m[Kâ€™ was not declared in this scope; did you mean â€˜[01m[Kcount_subscribers[m[Kâ€™?
[2.025s]    17 |         [01;31m[Kimu_subscriber_[m[K = create_subscription<sensor_msgs::msg::Imu>(
[2.025s]       |         [01;31m[K^~~~~~~~~~~~~~~[m[K
[2.025s]       |         [32m[Kcount_subscribers[m[K
[2.079s] [01m[K/home/ngocdai/lidar_ws/src/xsens_node/include/xsens_node/odometry.h:22:9:[m[K [01;31m[Kerror: [m[Kâ€˜[01m[Kodometry_publisher_[m[Kâ€™ was not declared in this scope; did you mean â€˜[01m[Kcount_publishers[m[Kâ€™?
[2.079s]    22 |         [01;31m[Kodometry_publisher_[m[K = create_publisher<geometry_msgs::msg::PoseStamped>(
[2.079s]       |         [01;31m[K^~~~~~~~~~~~~~~~~~~[m[K
[2.079s]       |         [32m[Kcount_publishers[m[K
[2.079s] [01m[K/home/ngocdai/lidar_ws/src/xsens_node/include/xsens_node/odometry.h:22:68:[m[K [01;31m[Kerror: [m[Kâ€˜[01m[KPoseStamped[m[Kâ€™ is not a member of â€˜[01m[Kgeometry_msgs::msg[m[Kâ€™
[2.079s]    22 |         odometry_publisher_ = create_publisher<geometry_msgs::msg::[01;31m[KPoseStamped[m[K>(
[2.079s]       |                                                                    [01;31m[K^~~~~~~~~~~[m[K
[2.079s] [01m[K/home/ngocdai/lidar_ws/src/xsens_node/include/xsens_node/odometry.h:22:80:[m[K [01;31m[Kerror: [m[Kno matching function for call to â€˜[01m[KOdometryNode::create_publisher<<expression error> >(const char [10], int)[m[Kâ€™
[2.079s]    22 |         odometry_publisher_ = [01;31m[Kcreate_publisher<geometry_msgs::msg::PoseStamped>([m[K
[2.079s]       |                               [01;31m[K~~~~~~~~~~~~~~~~~~~~~~~~~~~~~~~~~~~~~~~~~~~~~~~~~^[m[K
[2.080s]    23 | [01;31m[K            "/odometry", 10[m[K
[2.080s]       |             [01;31m[K~~~~~~~~~~~~~~~[m[K                                                     
[2.080s]    24 | [01;31m[K        )[m[K;
[2.080s]       |         [01;31m[K~[m[K                                                                       
[2.080s] In file included from [01m[K/opt/ros/iron/include/rclcpp/rclcpp/executors/single_threaded_executor.hpp:28[m[K,
[2.080s]                  from [01m[K/opt/ros/iron/include/rclcpp/rclcpp/executors.hpp:22[m[K,
[2.080s]                  from [01m[K/opt/ros/iron/include/rclcpp/rclcpp/rclcpp.hpp:167[m[K,
[2.080s]                  from [01m[K/home/ngocdai/lidar_ws/src/xsens_node/include/xsens_node/odometry.h:4[m[K,
[2.080s]                  from [01m[K/home/ngocdai/lidar_ws/src/xsens_node/src/odometry_publisher.cpp:1[m[K:
[2.080s] [01m[K/opt/ros/iron/include/rclcpp/rclcpp/node.hpp:196:3:[m[K [01;36m[Knote: [m[Kcandidate: â€˜[01m[Ktemplate<class MessageT, class AllocatorT, class PublisherT> std::shared_ptr<PublisherT> rclcpp::Node::create_publisher(const string&, const rclcpp::QoS&, const rclcpp::PublisherOptionsWithAllocator<AllocatorT>&)[m[Kâ€™
[2.080s]   196 |   [01;36m[Kcreate_publisher[m[K(
[2.080s]       |   [01;36m[K^~~~~~~~~~~~~~~~[m[K
[2.080s] [01m[K/opt/ros/iron/include/rclcpp/rclcpp/node.hpp:196:3:[m[K [01;36m[Knote: [m[K  template argument deduction/substitution failed:
[2.080s] In file included from [01m[K/home/ngocdai/lidar_ws/src/xsens_node/src/odometry_publisher.cpp:1[m[K:
[2.080s] [01m[K/home/ngocdai/lidar_ws/src/xsens_node/include/xsens_node/odometry.h:22:80:[m[K [01;31m[Kerror: [m[Ktemplate argument 1 is invalid
[2.080s]    22 |         odometry_publisher_ = [01;31m[Kcreate_publisher<geometry_msgs::msg::PoseStamped>([m[K
[2.080s]       |                               [01;31m[K~~~~~~~~~~~~~~~~~~~~~~~~~~~~~~~~~~~~~~~~~~~~~~~~~^[m[K
[2.080s]    23 | [01;31m[K            "/odometry", 10[m[K
[2.080s]       |             [01;31m[K~~~~~~~~~~~~~~~[m[K                                                     
[2.080s]    24 | [01;31m[K        )[m[K;
[2.080s]       |         [01;31m[K~[m[K                                                                       
[2.171s] [01m[K/home/ngocdai/lidar_ws/src/xsens_node/src/odometry_publisher.cpp:[m[K In member function â€˜[01m[Kvoid OdometryNode::imuCallback(sensor_msgs::msg::Imu_<std::allocator<void> >::SharedPtr)[m[Kâ€™:
[2.171s] [01m[K/home/ngocdai/lidar_ws/src/xsens_node/src/odometry_publisher.cpp:9:71:[m[K [01;35m[Kwarning: [m[Kunused parameter â€˜[01m[Kmsg[m[Kâ€™ [[01;35m[K]8;;https://gcc.gnu.org/onlinedocs/gcc/Warning-Options.html#index-Wunused-parameter-Wunused-parameter]8;;[m[K]
[2.171s]     9 | void OdometryNode::imuCallback([01;35m[Kconst sensor_msgs::msg::Imu::SharedPtr msg[m[K)
[2.171s]       |                                [01;35m[K~~~~~~~~~~~~~~~~~~~~~~~~~~~~~~~~~~~~~~~^~~[m[K
[3.924s] gmake[2]: *** [CMakeFiles/odom_pub.dir/build.make:76: CMakeFiles/odom_pub.dir/src/odometry_publisher.cpp.o] Error 1
[3.924s] gmake[1]: *** [CMakeFiles/Makefile2:193: CMakeFiles/odom_pub.dir/all] Error 2
[3.924s] gmake: *** [Makefile:146: all] Error 2
[3.926s] Invoked command in '/home/ngocdai/lidar_ws/build/xsens_node' returned '2': AMENT_PREFIX_PATH=/home/ngocdai/lidar_ws/install/xsens_library:${AMENT_PREFIX_PATH} CMAKE_PREFIX_PATH=/home/ngocdai/lidar_ws/install/xsens_library:/opt/ros/iron LD_LIBRARY_PATH=/home/ngocdai/lidar_ws/install/xsens_library/lib:${LD_LIBRARY_PATH} /usr/bin/cmake --build /home/ngocdai/lidar_ws/build/xsens_node -- -j12 -l12
