[0.007s] Invoking command in '/home/ngocdai/lidar_ws/build/xsens_node': CMAKE_PREFIX_PATH=/home/ngocdai/lidar_ws/install/xsens_library:/home/ngocdai/lidar_ws/install/xsens_node:/home/ngocdai/lidar_ws/install/cpp_xsens:/home/ngocdai/lidar_ws/install/my_bleak:/opt/ros/iron /usr/bin/cmake --build /home/ngocdai/lidar_ws/build/xsens_node -- -j12 -l12
[0.036s] [35m[1mConsolidate compiler generated dependencies of target odom_pub[0m
[0.045s] [ 66%] Built target xsens_pub
[0.045s] [ 66%] Built target xsens_rec
[0.050s] [ 83%] [32mBuilding CXX object CMakeFiles/odom_pub.dir/src/odometry_publisher.cpp.o[0m
[2.714s] [01m[K/home/ngocdai/lidar_ws/src/xsens_node/src/odometry_publisher.cpp:[m[K In member function â€˜[01m[Kvoid OdometryNode::imuCallback(sensor_msgs::msg::Imu_<std::allocator<void> >::SharedPtr)[m[Kâ€™:
[2.714s] [01m[K/home/ngocdai/lidar_ws/src/xsens_node/src/odometry_publisher.cpp:21:19:[m[K [01;31m[Kerror: [m[Kâ€˜[01m[Kclass tf2::Matrix3x3[m[Kâ€™ has no member named â€˜[01m[Kroll[m[Kâ€™
[2.714s]    21 |     cout << euler.[01;31m[Kroll[m[K << " " << euler.pitch << " " << euler.yaw << endl;
[2.714s]       |                   [01;31m[K^~~~[m[K
[2.715s] [01m[K/home/ngocdai/lidar_ws/src/xsens_node/src/odometry_publisher.cpp:21:40:[m[K [01;31m[Kerror: [m[Kâ€˜[01m[Kclass tf2::Matrix3x3[m[Kâ€™ has no member named â€˜[01m[Kpitch[m[Kâ€™
[2.715s]    21 |     cout << euler.roll << " " << euler.[01;31m[Kpitch[m[K << " " << euler.yaw << endl;
[2.715s]       |                                        [01;31m[K^~~~~[m[K
[2.715s] [01m[K/home/ngocdai/lidar_ws/src/xsens_node/src/odometry_publisher.cpp:21:62:[m[K [01;31m[Kerror: [m[Kâ€˜[01m[Kclass tf2::Matrix3x3[m[Kâ€™ has no member named â€˜[01m[Kyaw[m[Kâ€™
[2.715s]    21 |     cout << euler.roll << " " << euler.pitch << " " << euler.[01;31m[Kyaw[m[K << endl;
[2.715s]       |                                                              [01;31m[K^~~[m[K
[4.060s] gmake[2]: *** [CMakeFiles/odom_pub.dir/build.make:76: CMakeFiles/odom_pub.dir/src/odometry_publisher.cpp.o] Error 1
[4.061s] gmake[1]: *** [CMakeFiles/Makefile2:193: CMakeFiles/odom_pub.dir/all] Error 2
[4.061s] gmake: *** [Makefile:146: all] Error 2
[4.062s] Invoked command in '/home/ngocdai/lidar_ws/build/xsens_node' returned '2': CMAKE_PREFIX_PATH=/home/ngocdai/lidar_ws/install/xsens_library:/home/ngocdai/lidar_ws/install/xsens_node:/home/ngocdai/lidar_ws/install/cpp_xsens:/home/ngocdai/lidar_ws/install/my_bleak:/opt/ros/iron /usr/bin/cmake --build /home/ngocdai/lidar_ws/build/xsens_node -- -j12 -l12
