[0.005s] Invoking command in '/home/ngocdai/lidar_ws/build/xsens_node': AMENT_PREFIX_PATH=/home/ngocdai/lidar_ws/install/xsens_library:${AMENT_PREFIX_PATH} CMAKE_PREFIX_PATH=/home/ngocdai/lidar_ws/install/xsens_library:/opt/ros/iron LD_LIBRARY_PATH=/home/ngocdai/lidar_ws/install/xsens_library/lib:${LD_LIBRARY_PATH} /usr/bin/cmake --build /home/ngocdai/lidar_ws/build/xsens_node -- -j12 -l12
[0.034s] [35m[1mConsolidate compiler generated dependencies of target xsens_pub[0m
[0.047s] [ 50%] [32mBuilding CXX object CMakeFiles/xsens_pub.dir/src/xsens_data_publisher.cpp.o[0m
[1.934s] [01m[K/home/ngocdai/lidar_ws/src/xsens_node/src/xsens_data_publisher.cpp:162:2:[m[K [01;31m[Kerror: [m[Kexpected â€˜[01m[K}[m[Kâ€™ at end of input
[1.934s]   162 | }
[1.935s]       |  [01;31m[K^[m[K
[1.935s] [01m[K/home/ngocdai/lidar_ws/src/xsens_node/src/xsens_data_publisher.cpp:15:1:[m[K [01;36m[Knote: [m[Kto match this â€˜[01m[K{[m[Kâ€™
[1.935s]    15 | [01;36m[K{[m[K
[1.935s]       | [01;36m[K^[m[K
[1.937s] [01m[K/home/ngocdai/lidar_ws/src/xsens_node/src/xsens_data_publisher.cpp:[m[K In constructor â€˜[01m[KXsensPublisher::XsensPublisher()[m[Kâ€™:
[1.937s] [01m[K/home/ngocdai/lidar_ws/src/xsens_node/src/xsens_data_publisher.cpp:20:13:[m[K [01;31m[Kerror: [m[Kâ€˜[01m[Kpublisher_[m[Kâ€™ was not declared in this scope; did you mean â€˜[01m[Krmw_publisher_t[m[Kâ€™?
[1.937s]    20 |             [01;31m[Kpublisher_[m[K = this->create_publisher<std_msgs::msg::String>("imu", 10);
[1.937s]       |             [01;31m[K^~~~~~~~~~[m[K
[1.937s]       |             [32m[Krmw_publisher_t[m[K
[1.945s] [01m[K/home/ngocdai/lidar_ws/src/xsens_node/src/xsens_data_publisher.cpp:21:13:[m[K [01;31m[Kerror: [m[Kâ€˜[01m[Ktimer_[m[Kâ€™ was not declared in this scope; did you mean â€˜[01m[Ktimer_t[m[Kâ€™?
[1.945s]    21 |             [01;31m[Ktimer_[m[K = this->create_wall_timer(
[1.945s]       |             [01;31m[K^~~~~~[m[K
[1.945s]       |             [32m[Ktimer_t[m[K
[1.946s] [01m[K/home/ngocdai/lidar_ws/src/xsens_node/src/xsens_data_publisher.cpp:22:47:[m[K [01;31m[Kerror: [m[Kâ€˜[01m[Ktimer_callback[m[Kâ€™ is not a member of â€˜[01m[KXsensPublisher[m[Kâ€™
[1.946s]    22 |             500ms, std::bind(&XsensPublisher::[01;31m[Ktimer_callback[m[K, this));
[1.946s]       |                                               [01;31m[K^~~~~~~~~~~~~~[m[K
[1.948s] [01m[K/home/ngocdai/lidar_ws/src/xsens_node/src/xsens_data_publisher.cpp:[m[K In member function â€˜[01m[Kvoid XsensPublisher::GetData()[m[Kâ€™:
[1.948s] [01m[K/home/ngocdai/lidar_ws/src/xsens_node/src/xsens_data_publisher.cpp:95:37:[m[K [01;35m[Kwarning: [m[Kempty parentheses were disambiguated as a function declaration [[01;35m[K]8;;https://gcc.gnu.org/onlinedocs/gcc/Warning-Options.html#index-Wvexing-parse-Wvexing-parse]8;;[m[K]
[1.948s]    95 |         bool scanForBluetoothDevices[01;35m[K()[m[K
[1.948s]       |                                     [01;35m[K^~[m[K
[1.948s] [01m[K/home/ngocdai/lidar_ws/src/xsens_node/src/xsens_data_publisher.cpp:95:37:[m[K [01;36m[Knote: [m[Kremove parentheses to default-initialize a variable
[1.948s]    95 |         bool scanForBluetoothDevices[01;36m[K()[m[K
[1.948s]       |                                     [01;36m[K^~[m[K
[1.948s]       |                                     [31m[K--[m[K
[1.948s] [01m[K/home/ngocdai/lidar_ws/src/xsens_node/src/xsens_data_publisher.cpp:95:37:[m[K [01;36m[Knote: [m[Kor replace parentheses with braces to value-initialize a variable
[1.948s] [01m[K/home/ngocdai/lidar_ws/src/xsens_node/src/xsens_data_publisher.cpp:96:9:[m[K [01;31m[Kerror: [m[Ka function-definition is not allowed here before â€˜[01m[K{[m[Kâ€™ token
[1.948s]    96 |         [01;31m[K{[m[K
[1.948s]       |         [01;31m[K^[m[K
[1.948s] [01m[K/home/ngocdai/lidar_ws/src/xsens_node/src/xsens_data_publisher.cpp:137:9:[m[K [01;31m[Kerror: [m[Ka function-definition is not allowed here before â€˜[01m[K{[m[Kâ€™ token
[1.948s]   137 |         [01;31m[K{[m[K
[1.948s]       |         [01;31m[K^[m[K
[1.952s] [01m[K/home/ngocdai/lidar_ws/src/xsens_node/src/xsens_data_publisher.cpp:[m[K At global scope:
[1.952s] [01m[K/home/ngocdai/lidar_ws/src/xsens_node/src/xsens_data_publisher.cpp:162:2:[m[K [01;31m[Kerror: [m[Kexpected unqualified-id at end of input
[1.952s]   162 | }
[1.952s]       |  [01;31m[K^[m[K
[2.696s] gmake[2]: *** [CMakeFiles/xsens_pub.dir/build.make:76: CMakeFiles/xsens_pub.dir/src/xsens_data_publisher.cpp.o] Error 1
[2.696s] gmake[1]: *** [CMakeFiles/Makefile2:137: CMakeFiles/xsens_pub.dir/all] Error 2
[2.696s] gmake: *** [Makefile:146: all] Error 2
[2.698s] Invoked command in '/home/ngocdai/lidar_ws/build/xsens_node' returned '2': AMENT_PREFIX_PATH=/home/ngocdai/lidar_ws/install/xsens_library:${AMENT_PREFIX_PATH} CMAKE_PREFIX_PATH=/home/ngocdai/lidar_ws/install/xsens_library:/opt/ros/iron LD_LIBRARY_PATH=/home/ngocdai/lidar_ws/install/xsens_library/lib:${LD_LIBRARY_PATH} /usr/bin/cmake --build /home/ngocdai/lidar_ws/build/xsens_node -- -j12 -l12
