[35m[1mConsolidate compiler generated dependencies of target xsens_pub[0m
[ 50%] [32mBuilding CXX object CMakeFiles/xsens_pub.dir/src/xsens_data_publisher.cpp.o[0m
[01m[K/home/ngocdai/lidar_ws/src/xsens_node/src/xsens_data_publisher.cpp:[m[K In member function â€˜[01m[Kvoid XsensPublisher::GetData()[m[Kâ€™:
[01m[K/home/ngocdai/lidar_ws/src/xsens_node/src/xsens_data_publisher.cpp:30:39:[m[K [01;31m[Kerror: [m[Kâ€˜[01m[KxdpcHandler[m[Kâ€™ was not declared in this scope; did you mean â€˜[01m[KXdpcHandler[m[Kâ€™?
   30 |             for (auto const& device : [01;31m[KxdpcHandler[m[K.connectedDots())
      |                                       [01;31m[K^~~~~~~~~~~[m[K
      |                                       [32m[KXdpcHandler[m[K
[01m[K/home/ngocdai/lidar_ws/src/xsens_node/src/xsens_data_publisher.cpp:37:21:[m[K [01;31m[Kerror: [m[Kâ€˜[01m[KxdpcHandler[m[Kâ€™ was not declared in this scope; did you mean â€˜[01m[KXdpcHandler[m[Kâ€™?
   37 |                 if ([01;31m[KxdpcHandler[m[K.packetsAvailable())
      |                     [01;31m[K^~~~~~~~~~~[m[K
      |                     [32m[KXdpcHandler[m[K
[01m[K/home/ngocdai/lidar_ws/src/xsens_node/src/xsens_data_publisher.cpp:[m[K In member function â€˜[01m[Kvoid XsensPublisher::timer_callback()[m[Kâ€™:
[01m[K/home/ngocdai/lidar_ws/src/xsens_node/src/xsens_data_publisher.cpp:121:33:[m[K [01;31m[Kerror: [m[Kâ€˜[01m[Kmessage[m[Kâ€™ was not declared in this scope; did you mean â€˜[01m[KXsMessage[m[Kâ€™?
  121 |             publisher_->publish([01;31m[Kmessage[m[K);
      |                                 [01;31m[K^~~~~~~[m[K
      |                                 [32m[KXsMessage[m[K
gmake[2]: *** [CMakeFiles/xsens_pub.dir/build.make:76: CMakeFiles/xsens_pub.dir/src/xsens_data_publisher.cpp.o] Error 1
gmake[1]: *** [CMakeFiles/Makefile2:137: CMakeFiles/xsens_pub.dir/all] Error 2
gmake: *** [Makefile:146: all] Error 2
