[35m[1mConsolidate compiler generated dependencies of target xsens_pub[0m
[ 50%] [32mBuilding CXX object CMakeFiles/xsens_pub.dir/src/xsens_data_publisher.cpp.o[0m
[01m[K/home/ngocdai/lidar_ws/src/xsens_node/src/xsens_data_publisher.cpp:[m[K In function â€˜[01m[Kint main(int, char**)[m[Kâ€™:
[01m[K/home/ngocdai/lidar_ws/src/xsens_node/src/xsens_data_publisher.cpp:75:15:[m[K [01;31m[Kerror: [m[Kâ€˜[01m[KXsDevice[m[Kâ€™ was not declared in this scope; did you mean â€˜[01m[KXsDeviceId[m[Kâ€™?
   75 |   std::vector<[01;31m[KXsDevice[m[K*> devices = scanForBluetoothDevices();
      |               [01;31m[K^~~~~~~~[m[K
      |               [32m[KXsDeviceId[m[K
[01m[K/home/ngocdai/lidar_ws/src/xsens_node/src/xsens_data_publisher.cpp:75:24:[m[K [01;31m[Kerror: [m[Ktemplate argument 1 is invalid
   75 |   std::vector<XsDevice*[01;31m[K>[m[K devices = scanForBluetoothDevices();
      |                        [01;31m[K^[m[K
[01m[K/home/ngocdai/lidar_ws/src/xsens_node/src/xsens_data_publisher.cpp:75:24:[m[K [01;31m[Kerror: [m[Ktemplate argument 2 is invalid
[01m[K/home/ngocdai/lidar_ws/src/xsens_node/src/xsens_data_publisher.cpp:75:59:[m[K [01;31m[Kerror: [m[Kvoid value not ignored as it ought to be
   75 |   std::vector<XsDevice*> devices = [01;31m[KscanForBluetoothDevices()[m[K;
      |                                    [01;31m[K~~~~~~~~~~~~~~~~~~~~~~~^~[m[K
[01m[K/home/ngocdai/lidar_ws/src/xsens_node/src/xsens_data_publisher.cpp:75:26:[m[K [01;35m[Kwarning: [m[Kunused variable â€˜[01m[Kdevices[m[Kâ€™ [[01;35m[K]8;;https://gcc.gnu.org/onlinedocs/gcc/Warning-Options.html#index-Wunused-variable-Wunused-variable]8;;[m[K]
   75 |   std::vector<XsDevice*> [01;35m[Kdevices[m[K = scanForBluetoothDevices();
      |                          [01;35m[K^~~~~~~[m[K
gmake[2]: *** [CMakeFiles/xsens_pub.dir/build.make:76: CMakeFiles/xsens_pub.dir/src/xsens_data_publisher.cpp.o] Error 1
gmake[1]: *** [CMakeFiles/Makefile2:137: CMakeFiles/xsens_pub.dir/all] Error 2
gmake: *** [Makefile:146: all] Error 2
