In file included from [01m[K/home/ngocdai/lidar_ws/src/xsens_node/src/odometry_publisher.cpp:1[m[K:
[01m[K/home/ngocdai/lidar_ws/src/xsens_node/include/xsens_node/odometry.h:34:87:[m[K [01;31m[Kerror: [m[Kexpected â€˜[01m[K;[m[Kâ€™ at end of member declaration
   34 |     void EstimateDistance(double acc_x, double acc_y, double yaw, double time_interval[01;31m[K)[m[K
      |                                                                                       [01;31m[K^[m[K
      |                                                                                        [32m[K;[m[K
[01m[K/home/ngocdai/lidar_ws/src/xsens_node/src/odometry_publisher.cpp:27:8:[m[K [01;31m[Kerror: [m[Kno declaration matches â€˜[01m[Kdouble OdometryNode::EstimateDistance(double, double, double, double)[m[Kâ€™
   27 | double [01;31m[KOdometryNode[m[K::EstimateDistance(double acc_x, double acc_y, double yaw, double delta)
      |        [01;31m[K^~~~~~~~~~~~[m[K
In file included from [01m[K/home/ngocdai/lidar_ws/src/xsens_node/src/odometry_publisher.cpp:1[m[K:
[01m[K/home/ngocdai/lidar_ws/src/xsens_node/include/xsens_node/odometry.h:34:10:[m[K [01;36m[Knote: [m[Kcandidate is: â€˜[01m[Kvoid OdometryNode::EstimateDistance(double, double, double, double)[m[Kâ€™
   34 |     void [01;36m[KEstimateDistance[m[K(double acc_x, double acc_y, double yaw, double time_interval)
      |          [01;36m[K^~~~~~~~~~~~~~~~[m[K
[01m[K/home/ngocdai/lidar_ws/src/xsens_node/include/xsens_node/odometry.h:11:7:[m[K [01;36m[Knote: [m[Kâ€˜[01m[Kclass OdometryNode[m[Kâ€™ defined here
   11 | class [01;36m[KOdometryNode[m[K : public rclcpp::Node
      |       [01;36m[K^~~~~~~~~~~~[m[K
gmake[2]: *** [CMakeFiles/odom_pub.dir/build.make:76: CMakeFiles/odom_pub.dir/src/odometry_publisher.cpp.o] Error 1
gmake[1]: *** [CMakeFiles/Makefile2:193: CMakeFiles/odom_pub.dir/all] Error 2
gmake: *** [Makefile:146: all] Error 2
