-- Found ament_cmake: 2.0.3 (/opt/ros/iron/share/ament_cmake/cmake)
-- Found rclcpp: 21.0.3 (/opt/ros/iron/share/rclcpp/cmake)
-- Found rosidl_generator_c: 4.0.1 (/opt/ros/iron/share/rosidl_generator_c/cmake)
-- Found rosidl_generator_cpp: 4.0.1 (/opt/ros/iron/share/rosidl_generator_cpp/cmake)
-- Using all available rosidl_typesupport_c: rosidl_typesupport_fastrtps_c;rosidl_typesupport_introspection_c
-- Using all available rosidl_typesupport_cpp: rosidl_typesupport_fastrtps_cpp;rosidl_typesupport_introspection_cpp
-- Found rmw_implementation_cmake: 7.1.0 (/opt/ros/iron/share/rmw_implementation_cmake/cmake)
-- Found rmw_fastrtps_cpp: 7.1.1 (/opt/ros/iron/share/rmw_fastrtps_cpp/cmake)
-- Using RMW implementation 'rmw_fastrtps_cpp' as default
-- Found std_msgs: 5.0.0 (/opt/ros/iron/share/std_msgs/cmake)
-- Found xsens_library: 0.0.0 (/home/ngocdai/lidar_ws/install/xsens_library/share/xsens_library/cmake)
-- Found ament_lint_auto: 0.14.2 (/opt/ros/iron/share/ament_lint_auto/cmake)
-- Added test 'cppcheck' to perform static code analysis on C / C++ code
-- Configured cppcheck include dirs: 
-- Configured cppcheck exclude dirs and/or files: 
-- Added test 'lint_cmake' to check CMake code style
-- Added test 'uncrustify' to check C / C++ code style
-- Configured uncrustify additional arguments: 
-- Added test 'xmllint' to check XML markup files
-- Configuring done
-- Generating done
-- Build files have been written to: /home/ngocdai/lidar_ws/build/xsens_node
[35m[1mConsolidate compiler generated dependencies of target xsens_pub[0m
[ 50%] [32mBuilding CXX object CMakeFiles/xsens_pub.dir/src/xsens_data_publisher.cpp.o[0m
[01m[K/home/ngocdai/lidar_ws/src/xsens_node/src/xsens_data_publisher.cpp:[m[K In member function â€˜[01m[Kvoid XsensPublisher::timer_callback()[m[Kâ€™:
[01m[K/home/ngocdai/lidar_ws/src/xsens_node/src/xsens_data_publisher.cpp:28:33:[m[K [01;31m[Kerror: [m[Kâ€˜[01m[Kdevices[m[Kâ€™ was not declared in this scope; did you mean â€˜[01m[Kdevice[m[Kâ€™?
   28 |             for (auto* device : [01;31m[Kdevices[m[K) {
      |                                 [01;31m[K^~~~~~~[m[K
      |                                 [32m[Kdevice[m[K
[01m[K/home/ngocdai/lidar_ws/src/xsens_node/src/xsens_data_publisher.cpp:[m[K At global scope:
[01m[K/home/ngocdai/lidar_ws/src/xsens_node/src/xsens_data_publisher.cpp:45:33:[m[K [01;31m[Kerror: [m[Kâ€˜[01m[KXsDevice[m[Kâ€™ does not name a type; did you mean â€˜[01m[KXsDeviceId[m[Kâ€™?
   45 | void printDeviceConnected(const [01;31m[KXsDevice[m[K* device) {
      |                                 [01;31m[K^~~~~~~~[m[K
      |                                 [32m[KXsDeviceId[m[K
[01m[K/home/ngocdai/lidar_ws/src/xsens_node/src/xsens_data_publisher.cpp:[m[K In function â€˜[01m[Kvoid printDeviceConnected(const int*)[m[Kâ€™:
[01m[K/home/ngocdai/lidar_ws/src/xsens_node/src/xsens_data_publisher.cpp:46:48:[m[K [01;31m[Kerror: [m[Krequest for member â€˜[01m[KbluetoothAddress[m[Kâ€™ in â€˜[01m[K* device[m[Kâ€™, which is of non-class type â€˜[01m[Kconst int[m[Kâ€™
   46 |   std::cout << "Device connected: " << device->[01;31m[KbluetoothAddress[m[K().toStdString() << std::endl;
      |                                                [01;31m[K^~~~~~~~~~~~~~~~[m[K
[01m[K/home/ngocdai/lidar_ws/src/xsens_node/src/xsens_data_publisher.cpp:[m[K At global scope:
[01m[K/home/ngocdai/lidar_ws/src/xsens_node/src/xsens_data_publisher.cpp:49:13:[m[K [01;31m[Kerror: [m[Kâ€˜[01m[KXsDevice[m[Kâ€™ was not declared in this scope; did you mean â€˜[01m[KXsDeviceId[m[Kâ€™?
   49 | std::vector<[01;31m[KXsDevice[m[K*> scanForBluetoothDevices()
      |             [01;31m[K^~~~~~~~[m[K
      |             [32m[KXsDeviceId[m[K
[01m[K/home/ngocdai/lidar_ws/src/xsens_node/src/xsens_data_publisher.cpp:49:22:[m[K [01;31m[Kerror: [m[Ktemplate argument 1 is invalid
   49 | std::vector<XsDevice*[01;31m[K>[m[K scanForBluetoothDevices()
      |                      [01;31m[K^[m[K
[01m[K/home/ngocdai/lidar_ws/src/xsens_node/src/xsens_data_publisher.cpp:49:22:[m[K [01;31m[Kerror: [m[Ktemplate argument 2 is invalid
[01m[K/home/ngocdai/lidar_ws/src/xsens_node/src/xsens_data_publisher.cpp:[m[K In function â€˜[01m[Kint scanForBluetoothDevices()[m[Kâ€™:
[01m[K/home/ngocdai/lidar_ws/src/xsens_node/src/xsens_data_publisher.cpp:68:26:[m[K [01;31m[Kerror: [m[Kcannot convert â€˜[01m[KXsDotDevice*[m[Kâ€™ to â€˜[01m[Kconst int*[m[Kâ€™
   68 |     printDeviceConnected([01;31m[Kdevice[m[K);
      |                          [01;31m[K^~~~~~[m[K
      |                          [01;31m[K|[m[K
      |                          [01;31m[KXsDotDevice*[m[K
[01m[K/home/ngocdai/lidar_ws/src/xsens_node/src/xsens_data_publisher.cpp:45:43:[m[K [01;36m[Knote: [m[K  initializing argument 1 of â€˜[01m[Kvoid printDeviceConnected(const int*)[m[Kâ€™
   45 | void printDeviceConnected([01;36m[Kconst XsDevice* device[m[K) {
      |                           [01;36m[K~~~~~~~~~~~~~~~~^~~~~~[m[K
[01m[K/home/ngocdai/lidar_ws/src/xsens_node/src/xsens_data_publisher.cpp:71:35:[m[K [01;31m[Kerror: [m[Kcannot convert â€˜[01m[Kstd::__cxx11::list<XsDotDevice*>[m[Kâ€™ to â€˜[01m[Kint[m[Kâ€™ in return
   71 |   return [01;31m[KxdpcHandler.connectedDots()[m[K;
      |          [01;31m[K~~~~~~~~~~~~~~~~~~~~~~~~~^~[m[K
      |                                   [01;31m[K|[m[K
      |                                   [01;31m[Kstd::__cxx11::list<XsDotDevice*>[m[K
[01m[K/home/ngocdai/lidar_ws/src/xsens_node/src/xsens_data_publisher.cpp:[m[K In function â€˜[01m[Kint main(int, char**)[m[Kâ€™:
[01m[K/home/ngocdai/lidar_ws/src/xsens_node/src/xsens_data_publisher.cpp:78:15:[m[K [01;31m[Kerror: [m[Kâ€˜[01m[KXsDevice[m[Kâ€™ was not declared in this scope; did you mean â€˜[01m[KXsDeviceId[m[Kâ€™?
   78 |   std::vector<[01;31m[KXsDevice[m[K*> devices = scanForBluetoothDevices();
      |               [01;31m[K^~~~~~~~[m[K
      |               [32m[KXsDeviceId[m[K
[01m[K/home/ngocdai/lidar_ws/src/xsens_node/src/xsens_data_publisher.cpp:78:24:[m[K [01;31m[Kerror: [m[Ktemplate argument 1 is invalid
   78 |   std::vector<XsDevice*[01;31m[K>[m[K devices = scanForBluetoothDevices();
      |                        [01;31m[K^[m[K
[01m[K/home/ngocdai/lidar_ws/src/xsens_node/src/xsens_data_publisher.cpp:78:24:[m[K [01;31m[Kerror: [m[Ktemplate argument 2 is invalid
[01m[K/home/ngocdai/lidar_ws/src/xsens_node/src/xsens_data_publisher.cpp:78:26:[m[K [01;35m[Kwarning: [m[Kunused variable â€˜[01m[Kdevices[m[Kâ€™ [[01;35m[K]8;;https://gcc.gnu.org/onlinedocs/gcc/Warning-Options.html#index-Wunused-variable-Wunused-variable]8;;[m[K]
   78 |   std::vector<XsDevice*> [01;35m[Kdevices[m[K = scanForBluetoothDevices();
      |                          [01;35m[K^~~~~~~[m[K
gmake[2]: *** [CMakeFiles/xsens_pub.dir/build.make:76: CMakeFiles/xsens_pub.dir/src/xsens_data_publisher.cpp.o] Error 1
gmake[1]: *** [CMakeFiles/Makefile2:137: CMakeFiles/xsens_pub.dir/all] Error 2
gmake: *** [Makefile:146: all] Error 2
